{"C:\\Users\\anton\\Desktop\\Repositories from Github\\Transaction-Management\\app.js": {"path":"C:\\Users\\anton\\Desktop\\Repositories from Github\\Transaction-Management\\app.js","statementMap":{"0":{"start":{"line":1,"column":16},"end":{"line":1,"column":34}},"1":{"start":{"line":2,"column":26},"end":{"line":2,"column":62}},"2":{"start":{"line":3,"column":18},"end":{"line":3,"column":47}},"3":{"start":{"line":4,"column":20},"end":{"line":4,"column":58}},"4":{"start":{"line":5,"column":12},"end":{"line":5,"column":21}},"5":{"start":{"line":6,"column":15},"end":{"line":6,"column":32}},"6":{"start":{"line":7,"column":0},"end":{"line":7,"column":16}},"7":{"start":{"line":8,"column":13},"end":{"line":8,"column":29}},"8":{"start":{"line":11,"column":0},"end":{"line":11,"column":24}},"9":{"start":{"line":14,"column":0},"end":{"line":14,"column":67}},"10":{"start":{"line":16,"column":0},"end":{"line":20,"column":3}},"11":{"start":{"line":17,"column":2},"end":{"line":17,"column":85}},"12":{"start":{"line":18,"column":2},"end":{"line":18,"column":41}},"13":{"start":{"line":19,"column":2},"end":{"line":19,"column":9}},"14":{"start":{"line":22,"column":0},"end":{"line":29,"column":3}},"15":{"start":{"line":23,"column":2},"end":{"line":27,"column":5}},"16":{"start":{"line":28,"column":2},"end":{"line":28,"column":9}},"17":{"start":{"line":32,"column":0},"end":{"line":32,"column":35}},"18":{"start":{"line":35,"column":0},"end":{"line":41,"column":1}},"19":{"start":{"line":36,"column":2},"end":{"line":40,"column":5}},"20":{"start":{"line":37,"column":4},"end":{"line":37,"column":65}},"21":{"start":{"line":38,"column":4},"end":{"line":38,"column":78}},"22":{"start":{"line":39,"column":4},"end":{"line":39,"column":38}},"23":{"start":{"line":44,"column":0},"end":{"line":44,"column":21}}},"fnMap":{"0":{"name":"(anonymous_0)","decl":{"start":{"line":16,"column":8},"end":{"line":16,"column":9}},"loc":{"start":{"line":16,"column":28},"end":{"line":20,"column":1}},"line":16},"1":{"name":"(anonymous_1)","decl":{"start":{"line":22,"column":8},"end":{"line":22,"column":9}},"loc":{"start":{"line":22,"column":28},"end":{"line":29,"column":1}},"line":22},"2":{"name":"(anonymous_2)","decl":{"start":{"line":36,"column":19},"end":{"line":36,"column":20}},"loc":{"start":{"line":36,"column":25},"end":{"line":40,"column":3}},"line":36}},"branchMap":{"0":{"loc":{"start":{"line":35,"column":0},"end":{"line":41,"column":1}},"type":"if","locations":[{"start":{"line":35,"column":0},"end":{"line":41,"column":1}},{"start":{},"end":{}}],"line":35},"1":{"loc":{"start":{"line":35,"column":4},"end":{"line":35,"column":78}},"type":"binary-expr","locations":[{"start":{"line":35,"column":4},"end":{"line":35,"column":35}},{"start":{"line":35,"column":39},"end":{"line":35,"column":78}}],"line":35}},"s":{"0":2,"1":2,"2":2,"3":2,"4":2,"5":2,"6":2,"7":2,"8":2,"9":2,"10":2,"11":12,"12":12,"13":12,"14":2,"15":12,"16":12,"17":2,"18":2,"19":0,"20":0,"21":0,"22":0,"23":2},"f":{"0":12,"1":12,"2":0},"b":{"0":[0,2],"1":[2,2]},"_coverageSchema":"1a1c01bbd47fc00a2c39e90264f33305004495a9","hash":"d87ddcff5b15d0c70ba705555e9aa510cbb1cbe9"}
,"C:\\Users\\anton\\Desktop\\Repositories from Github\\Transaction-Management\\src\\prisma\\prismaClient.js": {"path":"C:\\Users\\anton\\Desktop\\Repositories from Github\\Transaction-Management\\src\\prisma\\prismaClient.js","statementMap":{"0":{"start":{"line":1,"column":25},"end":{"line":1,"column":50}},"1":{"start":{"line":2,"column":15},"end":{"line":2,"column":32}},"2":{"start":{"line":3,"column":0},"end":{"line":3,"column":16}},"3":{"start":{"line":6,"column":0},"end":{"line":6,"column":47}},"4":{"start":{"line":7,"column":0},"end":{"line":7,"column":65}},"5":{"start":{"line":8,"column":0},"end":{"line":8,"column":55}},"6":{"start":{"line":11,"column":20},"end":{"line":13,"column":30}},"7":{"start":{"line":15,"column":0},"end":{"line":22,"column":1}},"8":{"start":{"line":16,"column":4},"end":{"line":16,"column":82}},"9":{"start":{"line":18,"column":4},"end":{"line":18,"column":51}},"10":{"start":{"line":19,"column":4},"end":{"line":19,"column":69}},"11":{"start":{"line":20,"column":4},"end":{"line":20,"column":59}},"12":{"start":{"line":21,"column":4},"end":{"line":21,"column":50}},"13":{"start":{"line":25,"column":0},"end":{"line":25,"column":51}},"14":{"start":{"line":28,"column":15},"end":{"line":34,"column":2}},"15":{"start":{"line":36,"column":0},"end":{"line":36,"column":24}}},"fnMap":{},"branchMap":{"0":{"loc":{"start":{"line":11,"column":20},"end":{"line":13,"column":30}},"type":"cond-expr","locations":[{"start":{"line":12,"column":6},"end":{"line":12,"column":35}},{"start":{"line":13,"column":6},"end":{"line":13,"column":30}}],"line":11},"1":{"loc":{"start":{"line":15,"column":0},"end":{"line":22,"column":1}},"type":"if","locations":[{"start":{"line":15,"column":0},"end":{"line":22,"column":1}},{"start":{},"end":{}}],"line":15}},"s":{"0":2,"1":2,"2":2,"3":2,"4":2,"5":2,"6":2,"7":2,"8":0,"9":0,"10":0,"11":0,"12":0,"13":2,"14":2,"15":2},"f":{},"b":{"0":[2,0],"1":[0,2]},"_coverageSchema":"1a1c01bbd47fc00a2c39e90264f33305004495a9","hash":"7f0fbd5fe62f0ced6e4882f2c878f5944af19c47"}
,"C:\\Users\\anton\\Desktop\\Repositories from Github\\Transaction-Management\\src\\routes\\transactions.js": {"path":"C:\\Users\\anton\\Desktop\\Repositories from Github\\Transaction-Management\\src\\routes\\transactions.js","statementMap":{"0":{"start":{"line":1,"column":16},"end":{"line":1,"column":34}},"1":{"start":{"line":2,"column":15},"end":{"line":2,"column":31}},"2":{"start":{"line":3,"column":15},"end":{"line":3,"column":48}},"3":{"start":{"line":82,"column":0},"end":{"line":108,"column":3}},"4":{"start":{"line":84,"column":53},"end":{"line":84,"column":61}},"5":{"start":{"line":86,"column":4},"end":{"line":86,"column":49}},"6":{"start":{"line":89,"column":4},"end":{"line":91,"column":5}},"7":{"start":{"line":90,"column":8},"end":{"line":90,"column":74}},"8":{"start":{"line":94,"column":23},"end":{"line":94,"column":43}},"9":{"start":{"line":95,"column":4},"end":{"line":97,"column":5}},"10":{"start":{"line":96,"column":8},"end":{"line":96,"column":75}},"11":{"start":{"line":99,"column":4},"end":{"line":106,"column":5}},"12":{"start":{"line":100,"column":28},"end":{"line":102,"column":10}},"13":{"start":{"line":103,"column":8},"end":{"line":103,"column":30}},"14":{"start":{"line":105,"column":8},"end":{"line":105,"column":55}},"15":{"start":{"line":155,"column":0},"end":{"line":165,"column":3}},"16":{"start":{"line":156,"column":23},"end":{"line":156,"column":32}},"17":{"start":{"line":157,"column":4},"end":{"line":164,"column":5}},"18":{"start":{"line":158,"column":29},"end":{"line":160,"column":10}},"19":{"start":{"line":161,"column":8},"end":{"line":161,"column":31}},"20":{"start":{"line":163,"column":8},"end":{"line":163,"column":55}},"21":{"start":{"line":212,"column":0},"end":{"line":222,"column":3}},"22":{"start":{"line":213,"column":23},"end":{"line":213,"column":32}},"23":{"start":{"line":214,"column":4},"end":{"line":221,"column":5}},"24":{"start":{"line":215,"column":29},"end":{"line":217,"column":10}},"25":{"start":{"line":218,"column":8},"end":{"line":218,"column":31}},"26":{"start":{"line":220,"column":8},"end":{"line":220,"column":55}},"27":{"start":{"line":269,"column":0},"end":{"line":279,"column":3}},"28":{"start":{"line":270,"column":23},"end":{"line":270,"column":32}},"29":{"start":{"line":271,"column":4},"end":{"line":278,"column":5}},"30":{"start":{"line":272,"column":29},"end":{"line":274,"column":10}},"31":{"start":{"line":275,"column":8},"end":{"line":275,"column":31}},"32":{"start":{"line":277,"column":8},"end":{"line":277,"column":55}},"33":{"start":{"line":332,"column":0},"end":{"line":343,"column":3}},"34":{"start":{"line":333,"column":25},"end":{"line":333,"column":35}},"35":{"start":{"line":334,"column":23},"end":{"line":334,"column":32}},"36":{"start":{"line":335,"column":4},"end":{"line":342,"column":5}},"37":{"start":{"line":336,"column":29},"end":{"line":338,"column":10}},"38":{"start":{"line":339,"column":8},"end":{"line":339,"column":31}},"39":{"start":{"line":341,"column":8},"end":{"line":341,"column":55}},"40":{"start":{"line":414,"column":0},"end":{"line":426,"column":3}},"41":{"start":{"line":415,"column":19},"end":{"line":415,"column":29}},"42":{"start":{"line":416,"column":53},"end":{"line":416,"column":61}},"43":{"start":{"line":417,"column":4},"end":{"line":425,"column":5}},"44":{"start":{"line":418,"column":35},"end":{"line":421,"column":10}},"45":{"start":{"line":422,"column":8},"end":{"line":422,"column":37}},"46":{"start":{"line":424,"column":8},"end":{"line":424,"column":65}},"47":{"start":{"line":457,"column":0},"end":{"line":467,"column":3}},"48":{"start":{"line":458,"column":19},"end":{"line":458,"column":29}},"49":{"start":{"line":459,"column":4},"end":{"line":466,"column":5}},"50":{"start":{"line":460,"column":8},"end":{"line":462,"column":11}},"51":{"start":{"line":463,"column":8},"end":{"line":463,"column":53}},"52":{"start":{"line":465,"column":8},"end":{"line":465,"column":65}},"53":{"start":{"line":469,"column":0},"end":{"line":469,"column":24}}},"fnMap":{"0":{"name":"(anonymous_0)","decl":{"start":{"line":82,"column":29},"end":{"line":82,"column":30}},"loc":{"start":{"line":82,"column":49},"end":{"line":108,"column":1}},"line":82},"1":{"name":"(anonymous_1)","decl":{"start":{"line":155,"column":28},"end":{"line":155,"column":29}},"loc":{"start":{"line":155,"column":48},"end":{"line":165,"column":1}},"line":155},"2":{"name":"(anonymous_2)","decl":{"start":{"line":212,"column":34},"end":{"line":212,"column":35}},"loc":{"start":{"line":212,"column":54},"end":{"line":222,"column":1}},"line":212},"3":{"name":"(anonymous_3)","decl":{"start":{"line":269,"column":36},"end":{"line":269,"column":37}},"loc":{"start":{"line":269,"column":56},"end":{"line":279,"column":1}},"line":269},"4":{"name":"(anonymous_4)","decl":{"start":{"line":332,"column":47},"end":{"line":332,"column":48}},"loc":{"start":{"line":332,"column":67},"end":{"line":343,"column":1}},"line":332},"5":{"name":"(anonymous_5)","decl":{"start":{"line":414,"column":32},"end":{"line":414,"column":33}},"loc":{"start":{"line":414,"column":52},"end":{"line":426,"column":1}},"line":414},"6":{"name":"(anonymous_6)","decl":{"start":{"line":457,"column":35},"end":{"line":457,"column":36}},"loc":{"start":{"line":457,"column":55},"end":{"line":467,"column":1}},"line":457}},"branchMap":{"0":{"loc":{"start":{"line":89,"column":4},"end":{"line":91,"column":5}},"type":"if","locations":[{"start":{"line":89,"column":4},"end":{"line":91,"column":5}},{"start":{},"end":{}}],"line":89},"1":{"loc":{"start":{"line":89,"column":8},"end":{"line":89,"column":57}},"type":"binary-expr","locations":[{"start":{"line":89,"column":8},"end":{"line":89,"column":13}},{"start":{"line":89,"column":17},"end":{"line":89,"column":22}},{"start":{"line":89,"column":26},"end":{"line":89,"column":33}},{"start":{"line":89,"column":37},"end":{"line":89,"column":46}},{"start":{"line":89,"column":50},"end":{"line":89,"column":57}}],"line":89},"2":{"loc":{"start":{"line":95,"column":4},"end":{"line":97,"column":5}},"type":"if","locations":[{"start":{"line":95,"column":4},"end":{"line":97,"column":5}},{"start":{},"end":{}}],"line":95}},"s":{"0":2,"1":2,"2":2,"3":2,"4":4,"5":4,"6":4,"7":1,"8":3,"9":3,"10":1,"11":2,"12":2,"13":2,"14":0,"15":2,"16":1,"17":1,"18":1,"19":1,"20":0,"21":2,"22":1,"23":1,"24":1,"25":1,"26":0,"27":2,"28":1,"29":1,"30":1,"31":1,"32":0,"33":2,"34":0,"35":0,"36":0,"37":0,"38":0,"39":0,"40":2,"41":2,"42":2,"43":2,"44":2,"45":1,"46":1,"47":2,"48":2,"49":2,"50":2,"51":1,"52":1,"53":2},"f":{"0":4,"1":1,"2":1,"3":1,"4":0,"5":2,"6":2},"b":{"0":[1,3],"1":[4,3,3,3,3],"2":[1,2]},"_coverageSchema":"1a1c01bbd47fc00a2c39e90264f33305004495a9","hash":"bd7326f0f31040b0b68b2ba8162366dcac83a9db"}
,"C:\\Users\\anton\\Desktop\\Repositories from Github\\Transaction-Management\\src\\swagger\\swaggerConfig.js": {"path":"C:\\Users\\anton\\Desktop\\Repositories from Github\\Transaction-Management\\src\\swagger\\swaggerConfig.js","statementMap":{"0":{"start":{"line":1,"column":21},"end":{"line":1,"column":45}},"1":{"start":{"line":2,"column":15},"end":{"line":2,"column":32}},"2":{"start":{"line":3,"column":0},"end":{"line":3,"column":16}},"3":{"start":{"line":4,"column":13},"end":{"line":4,"column":29}},"4":{"start":{"line":6,"column":26},"end":{"line":18,"column":1}},"5":{"start":{"line":20,"column":16},"end":{"line":23,"column":1}},"6":{"start":{"line":25,"column":20},"end":{"line":25,"column":41}},"7":{"start":{"line":27,"column":0},"end":{"line":27,"column":29}}},"fnMap":{},"branchMap":{},"s":{"0":2,"1":2,"2":2,"3":2,"4":2,"5":2,"6":2,"7":2},"f":{},"b":{},"_coverageSchema":"1a1c01bbd47fc00a2c39e90264f33305004495a9","hash":"05a4a3f2efd3078f9d0f6e7441111ff22a700303"}
}
