TN:
SF:app.js
FN:16,(anonymous_0)
FN:22,(anonymous_1)
FN:36,(anonymous_2)
FNF:3
FNH:2
FNDA:12,(anonymous_0)
FNDA:12,(anonymous_1)
FNDA:0,(anonymous_2)
DA:1,2
DA:2,2
DA:3,2
DA:4,2
DA:5,2
DA:6,2
DA:7,2
DA:8,2
DA:11,2
DA:14,2
DA:16,2
DA:17,12
DA:18,12
DA:19,12
DA:22,2
DA:23,12
DA:28,12
DA:32,2
DA:35,2
DA:36,0
DA:37,0
DA:38,0
DA:39,0
DA:44,2
LF:24
LH:20
BRDA:35,0,0,0
BRDA:35,0,1,2
BRDA:35,1,0,2
BRDA:35,1,1,2
BRF:4
BRH:3
end_of_record
TN:
SF:src\prisma\prismaClient.js
FNF:0
FNH:0
DA:1,2
DA:2,2
DA:3,2
DA:6,2
DA:7,2
DA:8,2
DA:11,2
DA:15,2
DA:16,0
DA:18,0
DA:19,0
DA:20,0
DA:21,0
DA:25,2
DA:28,2
DA:36,2
LF:16
LH:11
BRDA:11,0,0,2
BRDA:11,0,1,0
BRDA:15,1,0,0
BRDA:15,1,1,2
BRF:4
BRH:2
end_of_record
TN:
SF:src\routes\transactions.js
FN:82,(anonymous_0)
FN:155,(anonymous_1)
FN:212,(anonymous_2)
FN:269,(anonymous_3)
FN:332,(anonymous_4)
FN:414,(anonymous_5)
FN:457,(anonymous_6)
FNF:7
FNH:6
FNDA:4,(anonymous_0)
FNDA:1,(anonymous_1)
FNDA:1,(anonymous_2)
FNDA:1,(anonymous_3)
FNDA:0,(anonymous_4)
FNDA:2,(anonymous_5)
FNDA:2,(anonymous_6)
DA:1,2
DA:2,2
DA:3,2
DA:82,2
DA:84,4
DA:86,4
DA:89,4
DA:90,1
DA:94,3
DA:95,3
DA:96,1
DA:99,2
DA:100,2
DA:103,2
DA:105,0
DA:155,2
DA:156,1
DA:157,1
DA:158,1
DA:161,1
DA:163,0
DA:212,2
DA:213,1
DA:214,1
DA:215,1
DA:218,1
DA:220,0
DA:269,2
DA:270,1
DA:271,1
DA:272,1
DA:275,1
DA:277,0
DA:332,2
DA:333,0
DA:334,0
DA:335,0
DA:336,0
DA:339,0
DA:341,0
DA:414,2
DA:415,2
DA:416,2
DA:417,2
DA:418,2
DA:422,1
DA:424,1
DA:457,2
DA:458,2
DA:459,2
DA:460,2
DA:463,1
DA:465,1
DA:469,2
LF:54
LH:44
BRDA:89,0,0,1
BRDA:89,0,1,3
BRDA:89,1,0,4
BRDA:89,1,1,3
BRDA:89,1,2,3
BRDA:89,1,3,3
BRDA:89,1,4,3
BRDA:95,2,0,1
BRDA:95,2,1,2
BRF:9
BRH:9
end_of_record
TN:
SF:src\swagger\swaggerConfig.js
FNF:0
FNH:0
DA:1,2
DA:2,2
DA:3,2
DA:4,2
DA:6,2
DA:20,2
DA:25,2
DA:27,2
LF:8
LH:8
BRF:0
BRH:0
end_of_record
